28045 read(3, "\177ELF\2\1\1\3\0\0\0\0\0\0\0\0\3\0>\0\1\0\0\0P4\2\0\0\0\0\0"..., 832) = 832
28045 read(3, "0.008396 2\n3.890644 1\n0.117619 1"..., 4096) = 759
28045 read(4, "Skrypt uruchomiony 2022-11-03 21"..., 4096) = 1647
28045 write(1, "$ ", 2)                 = 2
28045 write(1, "l", 1)                  = 1
28045 write(1, "s", 1)                  = 1
28045 write(1, "\r\n", 2)               = 2
28045 write(1, "Link_do_rozwiazan.txt  so21_wykl"..., 101) = 101
28045 write(1, "$ ", 2)                 = 2
28045 write(1, "c", 1)                  = 1
28045 write(1, "d", 1)                  = 1
28045 write(1, " ", 1)                  = 1
28045 write(1, ".", 1)                  = 1
28045 write(1, ".", 1)                  = 1
28045 write(1, "\r\n", 2)               = 2
28045 write(1, "$ ", 2)                 = 2
28045 write(1, "c", 1)                  = 1
28045 write(1, "l", 1)                  = 1
28045 write(1, "e", 1)                  = 1
28045 write(1, "a", 1)                  = 1
28045 write(1, "r", 1)                  = 1
28045 write(1, "\r\n", 2)               = 2
28045 write(1, "\33[H\33[2J\33[3J", 11) = 11
28045 write(1, "$ ", 2)                 = 2
28045 write(1, "m", 1)                  = 1
28045 write(1, "a", 1)                  = 1
28045 write(1, "n", 1)                  = 1
28045 write(1, " ", 1)                  = 1
28045 write(1, "m", 1)                  = 1
28045 write(1, "a", 1)                  = 1
28045 write(1, "n", 1)                  = 1
28045 write(1, "\10 \10", 3)            = 3
28045 write(1, "\10 \10", 3)            = 3
28045 write(1, "\10 \10", 3)            = 3
28045 write(1, "\10 \10", 3)            = 3
28045 write(1, "\10 \10", 3)            = 3
28045 write(1, "\10 \10", 3)            = 3
28045 write(1, "\10 \10", 3)            = 3
28045 write(1, "m", 1)                  = 1
28045 write(1, "a", 1)                  = 1
28045 write(1, "n", 1)                  = 1
28045 write(1, " ", 1)                  = 1
28045 write(1, "i", 1)                  = 1
28045 write(1, "o", 1)                  = 1
28045 write(1, "c", 1)                  = 1
28045 write(1, "t", 1)                  = 1
28045 write(1, "l", 1)                  = 1
28045 write(1, "\r\n", 2)               = 2
28045 write(1, "\33[?1049h\33[22;0;0t\33[?1h\33=\r", 25) = 25
28045 write(1, "IOCTL(3P)                  POSIX"..., 1044) = 1044
28045 write(1, "ppropriate part of the STREAM as"..., 154) = 154
28045 write(1, "\r\33[K\33[?1l\33>\33[?1049l\33[23;0;0t", 28) = 28
28045 write(1, "$ ", 2)                 = 2
28045 write(1, "c", 1)                  = 1
28045 write(1, "d", 1)                  = 1
28045 write(1, " ", 1)                  = 1
28045 write(1, ".", 1)                  = 1
28045 write(1, ".", 1)                  = 1
28045 write(1, "\10 \10", 3)            = 3
28045 write(1, "\10 \10", 3)            = 3
28045 write(1, "\10 \10", 3)            = 3
28045 write(1, "\10 \10", 3)            = 3
28045 write(1, "\10 \10", 3)            = 3
28045 write(1, "e", 1)                  = 1
28045 write(1, "x", 1)                  = 1
28045 write(1, "i", 1)                  = 1
28045 write(1, "t", 1)                  = 1
28045 write(1, " ", 1)                  = 1
28045 write(1, "4", 1)                  = 1
28045 write(1, "2", 1)                  = 1
28045 read(3, "", 4096)                 = 0
28045 write(1, "\r\n", 2)               = 2
28045 write(1, "\n", 1)                 = 1
28045 +++ exited with 0 +++
